<?xml version="1.0" encoding="UTF-8"?>
<!-- Generated by org.testng.reporters.JUnitXMLReporter -->
<testsuite hostname="CHELENL042" ignored="1" name="Test" tests="2" failures="0" timestamp="27 Mar 2019 05:47:00 GMT" time="15.911" errors="0">
  <testcase name="tabs" time="10.093" classname="TestCase.TC_007_Tabs"/>
  <testcase name="sppinner" time="15.864" classname="TestCase.TC_006_Spinner"/>
  <testcase name="toolTip" time="0.0" classname="TestCase.TC_008_ToolTip">
    <ignored/>
  </testcase> <!-- toolTip -->
</testsuite> <!-- Test -->
