<?xml version="1.0" encoding="UTF-8"?>
<testng-results skipped="0" failed="0" ignored="1" total="3" passed="2">
  <reporter-output>
  </reporter-output>
  <suite name="Suite" duration-ms="15911" started-at="2019-03-27T05:46:44Z" finished-at="2019-03-27T05:47:00Z">
    <groups>
      <group name="smoke">
        <method signature="TC_006_Spinner.sppinner()[pri:0, instance:TestCase.TC_006_Spinner@4b952a2d]" name="sppinner" class="TestCase.TC_006_Spinner"/>
        <method signature="TC_007_Tabs.tabs()[pri:0, instance:TestCase.TC_007_Tabs@3159c4b8]" name="tabs" class="TestCase.TC_007_Tabs"/>
      </group> <!-- smoke -->
    </groups>
    <test name="Test" duration-ms="15911" started-at="2019-03-27T05:46:44Z" finished-at="2019-03-27T05:47:00Z">
      <class name="TestCase.TC_006_Spinner">
        <test-method status="PASS" signature="sppinner()[pri:0, instance:TestCase.TC_006_Spinner@4b952a2d]" name="sppinner" duration-ms="15864" started-at="2019-03-27T05:46:44Z" finished-at="2019-03-27T05:47:00Z">
          <reporter-output>
          </reporter-output>
        </test-method> <!-- sppinner -->
      </class> <!-- TestCase.TC_006_Spinner -->
      <class name="TestCase.TC_007_Tabs">
        <test-method status="PASS" signature="tabs()[pri:0, instance:TestCase.TC_007_Tabs@3159c4b8]" name="tabs" duration-ms="10093" started-at="2019-03-27T05:46:44Z" finished-at="2019-03-27T05:46:54Z">
          <reporter-output>
          </reporter-output>
        </test-method> <!-- tabs -->
      </class> <!-- TestCase.TC_007_Tabs -->
    </test> <!-- Test -->
  </suite> <!-- Suite -->
</testng-results>
